<?xml version="1.0" encoding="UTF-8" ?>
<testsuite tests="0" failures="0" name="cn.sdcit.test.PicturesTest" time="0" errors="0" skipped="0">
  <properties>
    <property name="java.runtime.name" value="Java(TM) SE Runtime Environment"/>
    <property name="sun.boot.library.path" value="H:\MyEclipse\binary\com.sun.java.jdk8.win32.x86_64_1.8.0.u66\jre\bin"/>
    <property name="java.vm.version" value="25.66-b17"/>
    <property name="java.vm.vendor" value="Oracle Corporation"/>
    <property name="maven.multiModuleProjectDirectory" value="F:\JAVAWEB\Dream-ebay"/>
    <property name="java.vendor.url" value="http://java.oracle.com/"/>
    <property name="path.separator" value=";"/>
    <property name="guice.disable.misplaced.annotation.check" value="true"/>
    <property name="java.vm.name" value="Java HotSpot(TM) 64-Bit Server VM"/>
    <property name="file.encoding.pkg" value="sun.io"/>
    <property name="user.script" value=""/>
    <property name="user.country" value="CN"/>
    <property name="sun.java.launcher" value="SUN_STANDARD"/>
    <property name="sun.os.patch.level" value=""/>
    <property name="java.vm.specification.name" value="Java Virtual Machine Specification"/>
    <property name="user.dir" value="F:\JAVAWEB\Dream-ebay"/>
    <property name="java.runtime.version" value="1.8.0_66-b17"/>
    <property name="java.awt.graphicsenv" value="sun.awt.Win32GraphicsEnvironment"/>
    <property name="java.endorsed.dirs" value="H:\MyEclipse\binary\com.sun.java.jdk8.win32.x86_64_1.8.0.u66\jre\lib\endorsed"/>
    <property name="os.arch" value="amd64"/>
    <property name="java.io.tmpdir" value="C:\Users\12413\AppData\Local\Temp\"/>
    <property name="line.separator" value="
"/>
    <property name="java.vm.specification.vendor" value="Oracle Corporation"/>
    <property name="user.variant" value=""/>
    <property name="os.name" value="Windows 10"/>
    <property name="classworlds.conf" value="F:\JAVAWEB\.metadata\.plugins\org.eclipse.m2e.launching\launches\m2conf7785071117424023211.tmp"/>
    <property name="sun.jnu.encoding" value="GBK"/>
    <property name="java.library.path" value="H:\MyEclipse\binary\com.sun.java.jdk8.win32.x86_64_1.8.0.u66\bin;C:\Windows\Sun\Java\bin;C:\Windows\system32;C:\Windows;E:\ebay\apache-maven-3.3.9\bin;C:\ProgramData\Oracle\Java\javapath;C:\Program Files\Java\jdk1.8.0_161\bin;C:\Program Files\Java\jre1.8.0_161\bin;&quot;;C:\Windows\system32;C:\Windows;C:\Windows\System32\Wbem;C:\Windows\System32\WindowsPowerShell\v1.0\;D:\Mysql\bin;C:\Program Files (x86)\NVIDIA Corporation\PhysX\Common&quot;;c:\windows\system32;E:\ebay\apache-maven-3.3.9\bin;C:\Users\12413\AppData\Local\Microsoft\WindowsApps;;."/>
    <property name="java.specification.name" value="Java Platform API Specification"/>
    <property name="java.class.version" value="52.0"/>
    <property name="sun.management.compiler" value="HotSpot 64-Bit Tiered Compilers"/>
    <property name="os.version" value="10.0"/>
    <property name="user.home" value="C:\Users\12413"/>
    <property name="user.timezone" value="Asia/Shanghai"/>
    <property name="java.awt.printerjob" value="sun.awt.windows.WPrinterJob"/>
    <property name="java.specification.version" value="1.8"/>
    <property name="file.encoding" value="UTF-8"/>
    <property name="user.name" value="12413"/>
    <property name="java.class.path" value="/H:/MyEclipse/plugins/org.eclipse.m2e.maven.runtime_1.6.2.20150902-0001/jars/plexus-classworlds-2.5.2.jar"/>
    <property name="java.vm.specification.version" value="1.8"/>
    <property name="sun.arch.data.model" value="64"/>
    <property name="java.home" value="H:\MyEclipse\binary\com.sun.java.jdk8.win32.x86_64_1.8.0.u66\jre"/>
    <property name="sun.java.command" value="org.codehaus.plexus.classworlds.launcher.Launcher -B -s E:\ebay\.m2\settings.xml install"/>
    <property name="java.specification.vendor" value="Oracle Corporation"/>
    <property name="user.language" value="zh"/>
    <property name="awt.toolkit" value="sun.awt.windows.WToolkit"/>
    <property name="java.vm.info" value="mixed mode"/>
    <property name="java.version" value="1.8.0_66"/>
    <property name="java.ext.dirs" value="H:\MyEclipse\binary\com.sun.java.jdk8.win32.x86_64_1.8.0.u66\jre\lib\ext;C:\Windows\Sun\Java\lib\ext"/>
    <property name="sun.boot.class.path" value="H:\MyEclipse\binary\com.sun.java.jdk8.win32.x86_64_1.8.0.u66\jre\lib\resources.jar;H:\MyEclipse\binary\com.sun.java.jdk8.win32.x86_64_1.8.0.u66\jre\lib\rt.jar;H:\MyEclipse\binary\com.sun.java.jdk8.win32.x86_64_1.8.0.u66\jre\lib\sunrsasign.jar;H:\MyEclipse\binary\com.sun.java.jdk8.win32.x86_64_1.8.0.u66\jre\lib\jsse.jar;H:\MyEclipse\binary\com.sun.java.jdk8.win32.x86_64_1.8.0.u66\jre\lib\jce.jar;H:\MyEclipse\binary\com.sun.java.jdk8.win32.x86_64_1.8.0.u66\jre\lib\charsets.jar;H:\MyEclipse\binary\com.sun.java.jdk8.win32.x86_64_1.8.0.u66\jre\lib\jfr.jar;H:\MyEclipse\binary\com.sun.java.jdk8.win32.x86_64_1.8.0.u66\jre\classes"/>
    <property name="java.vendor" value="Oracle Corporation"/>
    <property name="maven.home" value="F:\JAVAWEB\Dream-ebay\EMBEDDED"/>
    <property name="file.separator" value="\"/>
    <property name="java.vendor.url.bug" value="http://bugreport.sun.com/bugreport/"/>
    <property name="sun.cpu.endian" value="little"/>
    <property name="sun.io.unicode.encoding" value="UnicodeLittle"/>
    <property name="sun.desktop" value="windows"/>
    <property name="sun.cpu.isalist" value="amd64"/>
  </properties>
</testsuite>